<?xml version="1.0" encoding="UTF-8"?>
<testsuite xmlns:xsi="http://www.w3.org/2001/XMLSchema-instance" xsi:schemaLocation="https://maven.apache.org/surefire/maven-surefire-plugin/xsd/surefire-test-report.xsd" name="TestSuite" time="222.198" tests="6" errors="0" skipped="0" failures="1">
  <properties>
[...]
</properties>
  <testcase name="searchResult" classname="tests.HitachiMainPageTests" time="14.983"/>
  <testcase name="searchResult" classname="tests.HitachiMainPageTests" time="11.829"/>
  <testcase name="searchResult" classname="tests.HitachiMainPageTests" time="5.805"/>
  <testcase name="searchResult" classname="tests.HitachiMainPageTests" time="6.141"/>
  <testcase name="navigatetoEachSearchedLink" classname="tests.SearchedPageTest" time="53.542"/>
  <testcase name="navigatetoEachSearchedLink" classname="tests.SearchedPageTest" time="5.483">
    <failure message="expected [true] but found [false]" type="java.lang.AssertionError">java.lang.AssertionError: expected [true] but found [false]
	at tests.SearchedPageTest.navigatetoEachSearchedLink(SearchedPageTest.java:19)
</failure>
    <system-out><![CDATA[After method
Before method
No result with Given kewyword
[]
]]></system-out>
    <system-err><![CDATA[Starting ChromeDriver 2.41.578706 (5f725d1b4f0a4acbf5259df887244095596231db) on port 40120
Only local connections are allowed.
Feb 13, 2023 7:29:21 PM org.openqa.selenium.remote.ProtocolHandshake createSession
INFO: Detected dialect: OSS
]]></system-err>
  </testcase>
</testsuite>