-------------------------------------------------------------------------------
Test set: TestSuite
-------------------------------------------------------------------------------
Tests run: 6, Failures: 1, Errors: 0, Skipped: 0, Time elapsed: 222.198 sec <<< FAILURE! - in TestSuite
navigatetoEachSearchedLink(tests.SearchedPageTest)  Time elapsed: 5.483 sec  <<< FAILURE!
java.lang.AssertionError: expected [true] but found [false]
	at tests.SearchedPageTest.navigatetoEachSearchedLink(SearchedPageTest.java:19)

